Base path: '/Applications/Unity/Hub/Editor/2019.4.1f1/Unity.app/Contents', plugins path '/Applications/Unity/Hub/Editor/2019.4.1f1/PlaybackEngines'
Cmd: initializeCompiler
Cmd: compileComputeKernel
  api=14 insize=18731 outsize=9901 ok=1
Cmd: translateComputeKernel
  api=14 insize=9597 outsize=16409 ok=1
Cmd: compileComputeKernel
  api=14 insize=7960 outsize=2550 ok=1
Cmd: compileComputeKernel
  api=14 insize=7960 outsize=2783 ok=1
Cmd: translateComputeKernel
  api=14 insize=3157 outsize=3673 ok=1
Cmd: compileComputeKernel
  api=14 insize=9919 outsize=2923 ok=1
Cmd: compileComputeKernel
  api=14 insize=9919 outsize=3102 ok=1
Cmd: translateComputeKernel
  api=14 insize=2927 outsize=4347 ok=1
Cmd: translateComputeKernel
  api=14 insize=2952 outsize=4387 ok=1
Cmd: compileComputeKernel
  api=14 insize=6546 outsize=3332 ok=1
Cmd: translateComputeKernel
  api=14 insize=2806 outsize=3703 ok=1
Cmd: compileComputeKernel
  api=14 insize=47665 outsize=12555 ok=1
Cmd: translateComputeKernel
  api=14 insize=3882 outsize=4257 ok=1
Cmd: translateComputeKernel
  api=14 insize=4193 outsize=5183 ok=1
Cmd: translateComputeKernel
  api=14 insize=3683 outsize=4048 ok=1
Cmd: translateComputeKernel
  api=14 insize=5390 outsize=7496 ok=1
Cmd: translateComputeKernel
  api=14 insize=3563 outsize=3672 ok=1
Cmd: translateComputeKernel
  api=14 insize=3999 outsize=4400 ok=1
Cmd: translateComputeKernel
  api=14 insize=4169 outsize=5057 ok=1
Cmd: translateComputeKernel
  api=14 insize=4201 outsize=5103 ok=1
Cmd: translateComputeKernel
  api=14 insize=4348 outsize=5351 ok=1
Cmd: translateComputeKernel
  api=14 insize=3646 outsize=3918 ok=1
Cmd: translateComputeKernel
  api=14 insize=4004 outsize=4387 ok=1
Cmd: compileComputeKernel
  api=14 insize=2134 outsize=812 ok=1
Cmd: compileComputeKernel
  api=14 insize=68835 outsize=7284 ok=1
Cmd: translateComputeKernel
  api=14 insize=8877 outsize=17928 ok=1
Cmd: compileComputeKernel
  api=14 insize=29386 outsize=2148 ok=1
Cmd: compileComputeKernel
  api=14 insize=29386 outsize=2182 ok=1
Cmd: compileComputeKernel
  api=14 insize=29386 outsize=2149 ok=1
Cmd: compileComputeKernel
  api=14 insize=29386 outsize=1205 ok=1
Cmd: compileComputeKernel
  api=14 insize=29386 outsize=2172 ok=1
Cmd: compileComputeKernel
  api=14 insize=29386 outsize=1228 ok=1
Cmd: compileComputeKernel
  api=14 insize=29386 outsize=2629 ok=1
Cmd: compileComputeKernel
  api=14 insize=29386 outsize=2717 ok=1
Cmd: compileComputeKernel
  api=14 insize=29386 outsize=2773 ok=1
Cmd: compileComputeKernel
  api=14 insize=29386 outsize=2659 ok=1
Cmd: compileComputeKernel
  api=14 insize=29386 outsize=2677 ok=1
Cmd: translateComputeKernel
  api=14 insize=2253 outsize=2185 ok=1
Cmd: translateComputeKernel
  api=14 insize=2342 outsize=2335 ok=1
Cmd: translateComputeKernel
  api=14 insize=2509 outsize=2584 ok=1
Cmd: translateComputeKernel
  api=14 insize=2390 outsize=2424 ok=1
Cmd: translateComputeKernel
  api=14 insize=2290 outsize=2253 ok=1
Cmd: translateComputeKernel
  api=14 insize=1458 outsize=1512 ok=1
Cmd: translateComputeKernel
  api=14 insize=1458 outsize=1514 ok=1
Cmd: translateComputeKernel
  api=14 insize=2305 outsize=2293 ok=1
Cmd: translateComputeKernel
  api=14 insize=2289 outsize=2239 ok=1
Cmd: translateComputeKernel
  api=14 insize=2830 outsize=3479 ok=1
Cmd: translateComputeKernel
  api=14 insize=2997 outsize=3704 ok=1
Cmd: translateComputeKernel
  api=14 insize=2838 outsize=3534 ok=1
Cmd: translateComputeKernel
  api=14 insize=2798 outsize=3487 ok=1
Cmd: translateComputeKernel
  api=14 insize=2843 outsize=3339 ok=1
Cmd: translateComputeKernel
  api=14 insize=2871 outsize=3380 ok=1
Cmd: compileComputeKernel
  api=14 insize=31899 outsize=4027 ok=1
Cmd: compileComputeKernel
  api=14 insize=31899 outsize=5617 ok=1
Cmd: translateComputeKernel
  api=14 insize=10961 outsize=19760 ok=1
Cmd: compileComputeKernel
  api=14 insize=4119 outsize=2847 ok=1
Cmd: compileComputeKernel
  api=14 insize=1810 outsize=4325 ok=1
Cmd: translateComputeKernel
  api=14 insize=4325 outsize=8021 ok=1
Cmd: compileSnippet
  api=14 type=0 insize=1554 outsize=5409 kw=UNITY_PASS_DEFERRED LIGHTPROBE_SH UNITY_HDR_ON INSTANCING_ON pd=UNITY_ENABLE_REFLECTION_BUFFERS UNITY_USE_DITHER_MASK_FOR_ALPHABLENDED_SHADOWS UNITY_PBS_USE_BRDF1 UNITY_SPECCUBE_BOX_PROJECTION UNITY_SPECCUBE_BLENDING UNITY_ENABLE_DETAIL_NORMALMAP SHADER_API_DESKTOP UNITY_COLORSPACE_GAMMA UNITY_LIGHT_PROBE_PROXY_VOLUME UNITY_LIGHTMAP_FULL_HDR ok=1
